[2021-05-25T14:53:42.687] [DEBUG] cheese - login => username:admin,password:123456
[2021-05-25T14:53:42.688] [DEBUG] cheese - admin
[2021-05-25T14:53:42.703] [DEBUG] cheese - null
[2021-05-25T14:53:42.703] [DEBUG] cheese - null
[2021-10-02T11:14:56.321] [DEBUG] cheese - login => username:admin,password:1234567
[2021-10-02T11:14:56.322] [DEBUG] cheese - admin
[2021-10-02T11:14:56.334] [DEBUG] cheese - null
[2021-10-02T11:14:56.334] [DEBUG] cheese - null
[2021-10-02T11:14:59.734] [DEBUG] cheese - login => username:admin,password:123456
[2021-10-02T11:14:59.734] [DEBUG] cheese - admin
[2021-10-02T11:14:59.737] [DEBUG] cheese - null
[2021-10-02T11:14:59.737] [DEBUG] cheese - null
[2021-10-02T11:27:41.691] [DEBUG] cheese - login => username:admin,password:123456
[2021-10-02T11:27:41.691] [DEBUG] cheese - admin
[2021-10-02T11:27:41.695] [DEBUG] cheese - null
[2021-10-02T11:27:41.695] [DEBUG] cheese - null
[2021-10-03T08:02:15.617] [DEBUG] cheese - login => username:admin,password:123456
[2021-10-03T08:02:15.618] [DEBUG] cheese - admin
[2021-10-03T08:02:15.631] [DEBUG] cheese - null
[2021-10-03T08:02:15.632] [DEBUG] cheese - null
[2021-10-03T15:51:59.550] [DEBUG] cheese - login => username:admin,password:123456
[2021-10-03T15:51:59.552] [DEBUG] cheese - admin
[2021-10-03T15:51:59.564] [DEBUG] cheese - null
[2021-10-03T15:51:59.564] [DEBUG] cheese - null
[2021-10-03T15:52:04.527] [DEBUG] cheese - login => username:admin,password:123456
[2021-10-03T15:52:04.527] [DEBUG] cheese - admin
[2021-10-03T15:52:04.530] [DEBUG] cheese - null
[2021-10-03T15:52:04.530] [DEBUG] cheese - null
[2021-10-03T16:10:57.640] [DEBUG] cheese - login => username:admin,password:123456
[2021-10-03T16:10:57.640] [DEBUG] cheese - admin
[2021-10-03T16:10:57.643] [DEBUG] cheese - null
[2021-10-03T16:10:57.643] [DEBUG] cheese - null
[2021-10-03T16:11:03.491] [DEBUG] cheese - login => username:admin,password:1234567
[2021-10-03T16:11:03.491] [DEBUG] cheese - admin
[2021-10-03T16:11:03.493] [DEBUG] cheese - null
[2021-10-03T16:11:03.493] [DEBUG] cheese - null
[2021-10-03T16:11:06.679] [DEBUG] cheese - login => username:admin,password:123456
[2021-10-03T16:11:06.680] [DEBUG] cheese - admin
[2021-10-03T16:11:06.682] [DEBUG] cheese - null
[2021-10-03T16:11:06.682] [DEBUG] cheese - null
[2021-10-03T16:18:24.833] [DEBUG] cheese - login => username:admin,password:123456
[2021-10-03T16:18:24.833] [DEBUG] cheese - admin
[2021-10-03T16:18:24.835] [DEBUG] cheese - null
[2021-10-03T16:18:24.835] [DEBUG] cheese - null
[2021-10-03T16:18:28.162] [DEBUG] cheese - login => username:admin,password:123456s
[2021-10-03T16:18:28.162] [DEBUG] cheese - admin
[2021-10-03T16:18:28.165] [DEBUG] cheese - null
[2021-10-03T16:18:28.165] [DEBUG] cheese - null
[2021-10-03T16:21:34.682] [DEBUG] cheese - login => username:admin,password:youzhi..
[2021-10-03T16:21:34.682] [DEBUG] cheese - admin
[2021-10-03T16:21:34.685] [DEBUG] cheese - null
[2021-10-03T16:21:34.685] [DEBUG] cheese - null
[2021-10-03T16:21:42.546] [DEBUG] cheese - login => username:admin,password:123456
[2021-10-03T16:21:42.546] [DEBUG] cheese - admin
[2021-10-03T16:21:42.549] [DEBUG] cheese - null
[2021-10-03T16:21:42.549] [DEBUG] cheese - null
[2021-10-03T16:22:14.817] [DEBUG] cheese - login => username:admin,password:123456
[2021-10-03T16:22:14.817] [DEBUG] cheese - admin
[2021-10-03T16:22:14.819] [DEBUG] cheese - null
[2021-10-03T16:22:14.819] [DEBUG] cheese - null
[2021-10-03T16:22:56.476] [DEBUG] cheese - login => username:admin,password:youzhi..
[2021-10-03T16:22:56.477] [DEBUG] cheese - admin
[2021-10-03T16:22:56.478] [DEBUG] cheese - null
[2021-10-03T16:22:56.478] [DEBUG] cheese - null
[2021-10-03T16:23:06.885] [DEBUG] cheese - login => username:admin,password:youzhi..
[2021-10-03T16:23:06.886] [DEBUG] cheese - admin
[2021-10-03T16:23:06.888] [DEBUG] cheese - null
[2021-10-03T16:23:06.888] [DEBUG] cheese - null
[2021-10-03T16:23:27.381] [DEBUG] cheese - login => username:admin,password:youzhi./
[2021-10-03T16:23:27.381] [DEBUG] cheese - admin
[2021-10-03T16:23:27.383] [DEBUG] cheese - null
[2021-10-03T16:23:27.383] [DEBUG] cheese - null
[2021-10-03T16:24:35.770] [DEBUG] cheese - login => username:admin,password:youzhi..
[2021-10-03T16:24:35.770] [DEBUG] cheese - admin
[2021-10-03T16:24:35.772] [DEBUG] cheese - null
[2021-10-03T16:24:35.773] [DEBUG] cheese - null
[2021-10-03T16:24:41.009] [DEBUG] cheese - login => username:admin,password:123456
[2021-10-03T16:24:41.009] [DEBUG] cheese - admin
[2021-10-03T16:24:41.011] [DEBUG] cheese - null
[2021-10-03T16:24:41.011] [DEBUG] cheese - null
[2021-10-03T16:25:05.086] [DEBUG] cheese - login => username:admin,password:123456
[2021-10-03T16:25:05.086] [DEBUG] cheese - admin
[2021-10-03T16:25:05.089] [DEBUG] cheese - null
[2021-10-03T16:25:05.089] [DEBUG] cheese - null
[2021-10-03T16:26:00.856] [DEBUG] cheese - login => username:admin,password:youzhi
[2021-10-03T16:26:00.856] [DEBUG] cheese - admin
[2021-10-03T16:26:00.858] [DEBUG] cheese - null
[2021-10-03T16:26:00.859] [DEBUG] cheese - null
[2021-10-03T16:26:06.885] [DEBUG] cheese - login => username:admin,password:123456
[2021-10-03T16:26:06.885] [DEBUG] cheese - admin
[2021-10-03T16:26:06.888] [DEBUG] cheese - null
[2021-10-03T16:26:06.888] [DEBUG] cheese - null
[2021-10-03T16:26:35.673] [DEBUG] cheese - login => username:admin,password:youzhi
[2021-10-03T16:26:35.673] [DEBUG] cheese - admin
[2021-10-03T16:26:35.675] [DEBUG] cheese - null
[2021-10-03T16:26:35.675] [DEBUG] cheese - null
[2021-10-03T16:37:35.057] [DEBUG] cheese - login => username:admin,password:youzhi..
[2021-10-03T16:37:35.057] [DEBUG] cheese - admin
[2021-10-03T16:37:35.059] [DEBUG] cheese - null
[2021-10-03T16:37:35.060] [DEBUG] cheese - null
[2021-10-03T16:38:07.808] [DEBUG] cheese - login => username:admin,password:youzhi..
[2021-10-03T16:38:07.808] [DEBUG] cheese - admin
[2021-10-03T16:38:07.810] [DEBUG] cheese - null
[2021-10-03T16:38:07.810] [DEBUG] cheese - null
[2021-10-03T16:38:33.712] [DEBUG] cheese - login => username:admin,password:youzhi..
[2021-10-03T16:38:33.712] [DEBUG] cheese - admin
[2021-10-03T16:38:33.715] [DEBUG] cheese - null
[2021-10-03T16:38:33.715] [DEBUG] cheese - null
[2021-10-03T16:38:38.213] [DEBUG] cheese - login => username:admin,password:123456
[2021-10-03T16:38:38.213] [DEBUG] cheese - admin
[2021-10-03T16:38:38.214] [DEBUG] cheese - null
[2021-10-03T16:38:38.215] [DEBUG] cheese - null
[2021-10-03T16:39:30.335] [DEBUG] cheese - login => username:admin,password:123456
[2021-10-03T16:39:30.335] [DEBUG] cheese - admin
[2021-10-03T16:39:30.338] [DEBUG] cheese - null
[2021-10-03T16:39:30.338] [DEBUG] cheese - null
[2021-10-03T16:51:21.176] [DEBUG] cheese - login => username:admin,password:123456
[2021-10-03T16:51:21.176] [DEBUG] cheese - admin
[2021-10-03T16:51:21.179] [DEBUG] cheese - null
[2021-10-03T16:51:21.179] [DEBUG] cheese - null
[2021-10-03T16:53:36.307] [DEBUG] cheese - login => username:admin,password:123456
[2021-10-03T16:53:36.307] [DEBUG] cheese - admin
[2021-10-03T16:53:36.309] [DEBUG] cheese - null
[2021-10-03T16:53:36.309] [DEBUG] cheese - null
[2021-10-03T16:53:51.985] [DEBUG] cheese - login => username:admin,password:123456
[2021-10-03T16:53:51.985] [DEBUG] cheese - admin
[2021-10-03T16:53:51.987] [DEBUG] cheese - null
[2021-10-03T16:53:51.987] [DEBUG] cheese - null
[2021-10-03T16:57:04.100] [DEBUG] cheese - login => username:admin,password:123456
[2021-10-03T16:57:04.100] [DEBUG] cheese - admin
[2021-10-03T16:57:04.103] [DEBUG] cheese - null
[2021-10-03T16:57:04.103] [DEBUG] cheese - null
[2021-10-03T16:57:23.600] [DEBUG] cheese - login => username:admin,password:123456
[2021-10-03T16:57:23.600] [DEBUG] cheese - admin
[2021-10-03T16:57:23.602] [DEBUG] cheese - null
[2021-10-03T16:57:23.602] [DEBUG] cheese - null
[2021-10-03T16:58:51.524] [DEBUG] cheese - login => username:admin,password:123456
[2021-10-03T16:58:51.524] [DEBUG] cheese - admin
[2021-10-03T16:58:51.525] [DEBUG] cheese - null
[2021-10-03T16:58:51.526] [DEBUG] cheese - null
[2021-10-03T17:00:57.903] [DEBUG] cheese - login => username:admin,password:123456
[2021-10-03T17:00:57.903] [DEBUG] cheese - admin
[2021-10-03T17:00:57.905] [DEBUG] cheese - null
[2021-10-03T17:00:57.905] [DEBUG] cheese - null
[2021-10-03T17:26:59.059] [DEBUG] cheese - login => username:admin,password:123456
[2021-10-03T17:26:59.060] [DEBUG] cheese - admin
[2021-10-03T17:26:59.062] [DEBUG] cheese - null
[2021-10-03T17:26:59.062] [DEBUG] cheese - null
[2021-10-03T18:26:28.876] [DEBUG] cheese - login => username:admin,password:123456
[2021-10-03T18:26:28.876] [DEBUG] cheese - admin
[2021-10-03T18:26:28.878] [DEBUG] cheese - null
[2021-10-03T18:26:28.878] [DEBUG] cheese - null
[2021-10-03T18:27:15.258] [DEBUG] cheese - login => username:admin,password:1234567
[2021-10-03T18:27:15.258] [DEBUG] cheese - admin
[2021-10-03T18:27:15.260] [DEBUG] cheese - null
[2021-10-03T18:27:15.260] [DEBUG] cheese - null
[2021-10-03T18:34:19.524] [DEBUG] cheese - login => username:admin,password:123456
[2021-10-03T18:34:19.524] [DEBUG] cheese - admin
[2021-10-03T18:34:19.526] [DEBUG] cheese - null
[2021-10-03T18:34:19.526] [DEBUG] cheese - null
[2021-10-03T18:37:35.351] [DEBUG] cheese - login => username:admin,password:123456
[2021-10-03T18:37:35.352] [DEBUG] cheese - admin
[2021-10-03T18:37:35.353] [DEBUG] cheese - null
[2021-10-03T18:37:35.354] [DEBUG] cheese - null
[2021-10-03T18:37:45.283] [DEBUG] cheese - login => username:admin,password:123456
[2021-10-03T18:37:45.283] [DEBUG] cheese - admin
[2021-10-03T18:37:45.285] [DEBUG] cheese - null
[2021-10-03T18:37:45.285] [DEBUG] cheese - null
[2021-10-03T18:37:53.284] [DEBUG] cheese - login => username:admin,password:123456
[2021-10-03T18:37:53.284] [DEBUG] cheese - admin
[2021-10-03T18:37:53.286] [DEBUG] cheese - null
[2021-10-03T18:37:53.287] [DEBUG] cheese - null
[2021-10-03T18:41:46.809] [DEBUG] cheese - login => username:admin,password:123456
[2021-10-03T18:41:46.809] [DEBUG] cheese - admin
[2021-10-03T18:41:46.811] [DEBUG] cheese - null
[2021-10-03T18:41:46.811] [DEBUG] cheese - null
[2021-10-03T18:44:29.282] [DEBUG] cheese - login => username:admin,password:123456
[2021-10-03T18:44:29.282] [DEBUG] cheese - admin
[2021-10-03T18:44:29.285] [DEBUG] cheese - null
[2021-10-03T18:44:29.285] [DEBUG] cheese - null
[2021-10-03T18:44:49.254] [DEBUG] cheese - login => username:admin,password:123456
[2021-10-03T18:44:49.254] [DEBUG] cheese - admin
[2021-10-03T18:44:49.256] [DEBUG] cheese - null
[2021-10-03T18:44:49.256] [DEBUG] cheese - null
[2021-10-03T18:44:56.153] [DEBUG] cheese - login => username:admin,password:123456
[2021-10-03T18:44:56.153] [DEBUG] cheese - admin
[2021-10-03T18:44:56.155] [DEBUG] cheese - null
[2021-10-03T18:44:56.155] [DEBUG] cheese - null
[2021-10-03T18:46:26.217] [DEBUG] cheese - login => username:admin,password:123456
[2021-10-03T18:46:26.218] [DEBUG] cheese - admin
[2021-10-03T18:46:26.219] [DEBUG] cheese - null
[2021-10-03T18:46:26.219] [DEBUG] cheese - null
[2021-10-03T18:46:42.312] [DEBUG] cheese - login => username:admin,password:123456
[2021-10-03T18:46:42.312] [DEBUG] cheese - admin
[2021-10-03T18:46:42.314] [DEBUG] cheese - null
[2021-10-03T18:46:42.314] [DEBUG] cheese - null
[2021-10-03T18:46:51.173] [DEBUG] cheese - login => username:admin,password:123456
[2021-10-03T18:46:51.173] [DEBUG] cheese - admin
[2021-10-03T18:46:51.175] [DEBUG] cheese - null
[2021-10-03T18:46:51.176] [DEBUG] cheese - null
[2021-10-03T18:47:51.533] [DEBUG] cheese - login => username:admin,password:123456asdf
[2021-10-03T18:47:51.533] [DEBUG] cheese - admin
[2021-10-03T18:47:51.535] [DEBUG] cheese - null
[2021-10-03T18:47:51.535] [DEBUG] cheese - null
[2021-10-03T18:48:14.677] [DEBUG] cheese - login => username:admin,password:123456
[2021-10-03T18:48:14.677] [DEBUG] cheese - admin
[2021-10-03T18:48:14.679] [DEBUG] cheese - null
[2021-10-03T18:48:14.680] [DEBUG] cheese - null
[2021-10-03T18:48:49.946] [DEBUG] cheese - login => username:admin,password:123456sfa
[2021-10-03T18:48:49.946] [DEBUG] cheese - admin
[2021-10-03T18:48:49.948] [DEBUG] cheese - null
[2021-10-03T18:48:49.948] [DEBUG] cheese - null
[2021-10-03T18:49:01.374] [DEBUG] cheese - login => username:admin,password:123456
[2021-10-03T18:49:01.374] [DEBUG] cheese - admin
[2021-10-03T18:49:01.377] [DEBUG] cheese - null
[2021-10-03T18:49:01.378] [DEBUG] cheese - null
[2021-10-03T18:49:05.593] [DEBUG] cheese - login => username:admin,password:123456
[2021-10-03T18:49:05.593] [DEBUG] cheese - admin
[2021-10-03T18:49:05.595] [DEBUG] cheese - null
[2021-10-03T18:49:05.595] [DEBUG] cheese - null
[2021-10-03T18:51:41.910] [DEBUG] cheese - login => username:admin,password:123456
[2021-10-03T18:51:41.910] [DEBUG] cheese - admin
[2021-10-03T18:51:41.912] [DEBUG] cheese - null
[2021-10-03T18:51:41.912] [DEBUG] cheese - null
[2021-10-03T18:51:47.616] [DEBUG] cheese - login => username:admin,password:123456
[2021-10-03T18:51:47.616] [DEBUG] cheese - admin
[2021-10-03T18:51:47.617] [DEBUG] cheese - null
[2021-10-03T18:51:47.617] [DEBUG] cheese - null
[2021-10-03T18:52:14.445] [DEBUG] cheese - login => username:admin,password:123456
[2021-10-03T18:52:14.446] [DEBUG] cheese - admin
[2021-10-03T18:52:14.448] [DEBUG] cheese - null
[2021-10-03T18:52:14.448] [DEBUG] cheese - null
[2021-10-03T18:52:31.545] [DEBUG] cheese - login => username:admin,password:youzhi..
[2021-10-03T18:52:31.545] [DEBUG] cheese - admin
[2021-10-03T18:52:31.547] [DEBUG] cheese - null
[2021-10-03T18:52:31.547] [DEBUG] cheese - null
[2021-10-03T18:52:35.389] [DEBUG] cheese - login => username:admin,password:123456
[2021-10-03T18:52:35.389] [DEBUG] cheese - admin
[2021-10-03T18:52:35.392] [DEBUG] cheese - null
[2021-10-03T18:52:35.392] [DEBUG] cheese - null
[2021-10-03T19:03:37.830] [DEBUG] cheese - login => username:admin,password:123456
[2021-10-03T19:03:37.830] [DEBUG] cheese - admin
[2021-10-03T19:03:37.832] [DEBUG] cheese - null
[2021-10-03T19:03:37.832] [DEBUG] cheese - null
[2021-10-03T19:13:40.138] [DEBUG] cheese - login => username:admin,password:123456
[2021-10-03T19:13:40.138] [DEBUG] cheese - admin
[2021-10-03T19:13:40.141] [DEBUG] cheese - null
[2021-10-03T19:13:40.141] [DEBUG] cheese - null
[2021-10-04T08:06:35.215] [DEBUG] cheese - login => username:admin,password:123456
[2021-10-04T08:06:35.216] [DEBUG] cheese - admin
[2021-10-04T08:06:35.227] [DEBUG] cheese - null
[2021-10-04T08:06:35.228] [DEBUG] cheese - null
[2021-10-04T08:06:38.740] [DEBUG] cheese - login => username:admin,password:123456
[2021-10-04T08:06:38.741] [DEBUG] cheese - admin
[2021-10-04T08:06:38.743] [DEBUG] cheese - null
[2021-10-04T08:06:38.743] [DEBUG] cheese - null
[2021-10-04T08:08:17.519] [DEBUG] cheese - login => username:admin,password:123456
[2021-10-04T08:08:17.519] [DEBUG] cheese - admin
[2021-10-04T08:08:17.521] [DEBUG] cheese - null
[2021-10-04T08:08:17.521] [DEBUG] cheese - null
[2021-10-04T08:08:20.465] [DEBUG] cheese - login => username:admin,password:123456adf
[2021-10-04T08:08:20.465] [DEBUG] cheese - admin
[2021-10-04T08:08:20.467] [DEBUG] cheese - null
[2021-10-04T08:08:20.467] [DEBUG] cheese - null
[2021-10-04T08:08:22.760] [DEBUG] cheese - login => username:admin,password:123456
[2021-10-04T08:08:22.760] [DEBUG] cheese - admin
[2021-10-04T08:08:22.761] [DEBUG] cheese - null
[2021-10-04T08:08:22.761] [DEBUG] cheese - null
[2021-10-04T08:08:53.132] [DEBUG] cheese - login => username:admin,password:123456
[2021-10-04T08:32:37.682] [DEBUG] cheese - login => username:admin,password:123456
[2021-10-04T08:32:37.683] [DEBUG] cheese - admin
[2021-10-04T08:32:37.695] [DEBUG] cheese - null
[2021-10-04T08:32:37.695] [DEBUG] cheese - null
[2021-10-04T08:39:38.242] [DEBUG] cheese - login => username:admin,password:123456
[2021-10-04T08:39:38.242] [DEBUG] cheese - admin
[2021-10-04T08:39:38.245] [DEBUG] cheese - null
[2021-10-04T08:39:38.245] [DEBUG] cheese - null
[2021-10-04T08:53:30.256] [DEBUG] cheese - login => username:admin,password:123456
[2021-10-04T08:53:30.256] [DEBUG] cheese - admin
[2021-10-04T08:53:30.259] [DEBUG] cheese - null
[2021-10-04T08:53:30.259] [DEBUG] cheese - null
[2021-10-04T08:58:22.258] [DEBUG] cheese - login => username:admin,password:123456
[2021-10-04T08:58:22.258] [DEBUG] cheese - admin
[2021-10-04T08:58:22.261] [DEBUG] cheese - null
[2021-10-04T08:58:22.261] [DEBUG] cheese - null
[2021-10-04T09:07:43.913] [DEBUG] cheese - login => username:admin,password:123456
[2021-10-04T09:07:43.913] [DEBUG] cheese - admin
[2021-10-04T09:07:43.915] [DEBUG] cheese - null
[2021-10-04T09:07:43.915] [DEBUG] cheese - null
[2021-10-04T09:19:14.774] [DEBUG] cheese - login => username:admin,password:123456
[2021-10-04T09:19:14.774] [DEBUG] cheese - admin
[2021-10-04T09:19:14.776] [DEBUG] cheese - null
[2021-10-04T09:19:14.777] [DEBUG] cheese - null
[2021-10-04T10:52:12.878] [DEBUG] cheese - login => username:admin,password:123456
[2021-10-04T10:52:12.878] [DEBUG] cheese - admin
[2021-10-04T10:52:12.880] [DEBUG] cheese - null
[2021-10-04T10:52:12.880] [DEBUG] cheese - null
[2021-10-04T10:53:42.603] [DEBUG] cheese - login => username:admin,password:123456
[2021-10-04T10:53:42.603] [DEBUG] cheese - admin
[2021-10-04T10:53:42.605] [DEBUG] cheese - null
[2021-10-04T10:53:42.605] [DEBUG] cheese - null
[2021-10-04T10:53:54.915] [DEBUG] cheese - login => username:admin,password:123456
[2021-10-04T10:53:54.915] [DEBUG] cheese - admin
[2021-10-04T10:53:54.916] [DEBUG] cheese - null
[2021-10-04T10:53:54.917] [DEBUG] cheese - null
[2021-10-04T13:51:44.182] [DEBUG] cheese - login => username:admin,password:123456
[2021-10-04T13:51:44.182] [DEBUG] cheese - admin
[2021-10-04T13:51:44.184] [DEBUG] cheese - null
[2021-10-04T13:51:44.184] [DEBUG] cheese - null
[2021-10-04T13:51:56.324] [DEBUG] cheese - login => username:admin,password:123456
[2021-10-04T13:51:56.324] [DEBUG] cheese - admin
[2021-10-04T13:51:56.326] [DEBUG] cheese - null
[2021-10-04T13:51:56.326] [DEBUG] cheese - null
[2021-10-04T15:04:04.657] [DEBUG] cheese - login => username:admin,password:123456
[2021-10-04T15:04:04.657] [DEBUG] cheese - admin
[2021-10-04T15:04:04.659] [DEBUG] cheese - null
[2021-10-04T15:04:04.659] [DEBUG] cheese - null
[2021-10-04T15:27:50.051] [DEBUG] cheese - login => username:admin,password:123456
[2021-10-04T15:27:50.051] [DEBUG] cheese - admin
[2021-10-04T15:27:50.053] [DEBUG] cheese - null
[2021-10-04T15:27:50.053] [DEBUG] cheese - null
[2021-10-04T15:30:42.757] [DEBUG] cheese - login => username:admin,password:123456
[2021-10-04T15:30:42.757] [DEBUG] cheese - admin
[2021-10-04T15:30:42.760] [DEBUG] cheese - null
[2021-10-04T15:30:42.760] [DEBUG] cheese - null
[2021-10-04T15:31:09.480] [DEBUG] cheese - login => username:admin,password:123456
[2021-10-04T15:31:09.480] [DEBUG] cheese - admin
[2021-10-04T15:31:09.481] [DEBUG] cheese - null
[2021-10-04T15:31:09.482] [DEBUG] cheese - null
[2021-10-04T17:20:31.151] [DEBUG] cheese - login => username:admin,password:123456
[2021-10-04T17:20:31.151] [DEBUG] cheese - admin
[2021-10-04T17:20:31.153] [DEBUG] cheese - null
[2021-10-04T17:20:31.153] [DEBUG] cheese - null
[2021-10-04T19:23:18.701] [DEBUG] cheese - login => username:admin,password:123456
[2021-10-04T19:23:18.701] [DEBUG] cheese - admin
[2021-10-04T19:23:18.704] [DEBUG] cheese - null
[2021-10-04T19:23:18.705] [DEBUG] cheese - null
[2021-10-04T20:21:40.815] [DEBUG] cheese - login => username:admin,password:123456
[2021-10-04T20:21:40.816] [DEBUG] cheese - admin
[2021-10-04T20:21:40.818] [DEBUG] cheese - null
[2021-10-04T20:21:40.818] [DEBUG] cheese - null
[2021-10-04T21:05:39.868] [DEBUG] cheese - login => username:admin,password:123456
[2021-10-04T21:05:39.868] [DEBUG] cheese - admin
[2021-10-04T21:05:39.870] [DEBUG] cheese - null
[2021-10-04T21:05:39.871] [DEBUG] cheese - null
[2021-10-04T21:37:59.265] [DEBUG] cheese - login => username:admin,password:123456
[2021-10-04T21:37:59.266] [DEBUG] cheese - admin
[2021-10-04T21:37:59.268] [DEBUG] cheese - null
[2021-10-04T21:37:59.268] [DEBUG] cheese - null
[2021-10-04T22:02:07.573] [DEBUG] cheese - login => username:admin,password:123456
[2021-10-04T22:02:07.573] [DEBUG] cheese - admin
[2021-10-04T22:02:07.576] [DEBUG] cheese - null
[2021-10-04T22:02:07.576] [DEBUG] cheese - null
[2021-10-05T07:58:21.474] [DEBUG] cheese - login => username:admin,password:123456
[2021-10-05T07:58:21.475] [DEBUG] cheese - admin
[2021-10-05T07:58:21.487] [DEBUG] cheese - null
[2021-10-05T07:58:21.487] [DEBUG] cheese - null
[2021-10-05T13:59:28.421] [DEBUG] cheese - login => username:admin,password:123456
[2021-10-05T13:59:28.421] [DEBUG] cheese - admin
[2021-10-05T13:59:28.425] [DEBUG] cheese - null
[2021-10-05T13:59:28.425] [DEBUG] cheese - null
[2021-10-05T14:00:31.398] [DEBUG] cheese - login => username:admin,password:123456
[2021-10-05T14:00:31.399] [DEBUG] cheese - admin
[2021-10-05T14:00:31.401] [DEBUG] cheese - null
[2021-10-05T14:00:31.401] [DEBUG] cheese - null
[2021-10-05T14:31:40.107] [DEBUG] cheese - login => username:admin,password:123456
[2021-10-05T14:31:40.107] [DEBUG] cheese - admin
[2021-10-05T14:31:40.110] [DEBUG] cheese - null
[2021-10-05T14:31:40.110] [DEBUG] cheese - null
[2021-10-05T18:35:35.057] [DEBUG] cheese - login => username:admin,password:123456
[2021-10-05T18:35:35.057] [DEBUG] cheese - admin
[2021-10-05T18:35:35.062] [DEBUG] cheese - null
[2021-10-05T18:35:35.062] [DEBUG] cheese - null
[2021-10-05T18:48:44.411] [DEBUG] cheese - login => username:admin,password:123456
[2021-10-05T18:48:44.411] [DEBUG] cheese - admin
[2021-10-05T18:48:44.414] [DEBUG] cheese - null
[2021-10-05T18:48:44.414] [DEBUG] cheese - null
[2021-10-05T19:02:33.830] [DEBUG] cheese - login => username:admin,password:123456
[2021-10-05T19:02:33.830] [DEBUG] cheese - admin
[2021-10-05T19:02:33.832] [DEBUG] cheese - null
[2021-10-05T19:02:33.832] [DEBUG] cheese - null
[2021-10-05T19:09:36.897] [DEBUG] cheese - login => username:admin,password:123456
[2021-10-05T19:09:36.898] [DEBUG] cheese - admin
[2021-10-05T19:09:36.900] [DEBUG] cheese - null
[2021-10-05T19:09:36.900] [DEBUG] cheese - null
[2021-10-05T19:53:05.996] [DEBUG] cheese - login => username:admin,password:123456
[2021-10-05T19:53:05.997] [DEBUG] cheese - admin
[2021-10-05T19:53:06.000] [DEBUG] cheese - null
[2021-10-05T19:53:06.000] [DEBUG] cheese - null
[2021-10-05T19:53:29.332] [DEBUG] cheese - login => username:admin,password:123456
[2021-10-05T19:53:29.332] [DEBUG] cheese - admin
[2021-10-05T19:53:29.334] [DEBUG] cheese - null
[2021-10-05T19:53:29.335] [DEBUG] cheese - null
[2021-10-05T20:02:32.201] [DEBUG] cheese - login => username:admin,password:123456
[2021-10-05T20:02:32.202] [DEBUG] cheese - admin
[2021-10-05T20:02:32.205] [DEBUG] cheese - null
[2021-10-05T20:02:32.205] [DEBUG] cheese - null
[2021-10-05T20:10:47.622] [DEBUG] cheese - login => username:admin,password:123456
[2021-10-05T20:10:47.622] [DEBUG] cheese - admin
[2021-10-05T20:10:47.626] [DEBUG] cheese - null
[2021-10-05T20:10:47.626] [DEBUG] cheese - null
[2021-10-07T08:55:31.778] [DEBUG] cheese - login => username:admin,password:123456
[2021-10-07T08:55:31.780] [DEBUG] cheese - admin
[2021-10-07T08:55:31.813] [DEBUG] cheese - null
[2021-10-07T08:55:31.814] [DEBUG] cheese - null
[2021-10-07T09:11:50.365] [DEBUG] cheese - login => username:admin,password:123456
[2021-10-07T09:11:50.365] [DEBUG] cheese - admin
[2021-10-07T09:11:50.368] [DEBUG] cheese - null
[2021-10-07T09:11:50.368] [DEBUG] cheese - null
[2021-10-07T13:46:35.599] [DEBUG] cheese - login => username:admin,password:123456
[2021-10-07T13:46:35.599] [DEBUG] cheese - admin
[2021-10-07T13:46:35.601] [DEBUG] cheese - null
[2021-10-07T13:46:35.601] [DEBUG] cheese - null
[2021-10-07T16:40:08.947] [DEBUG] cheese - login => username:admin,password:123456
[2021-10-07T16:40:08.948] [DEBUG] cheese - admin
[2021-10-07T16:40:08.951] [DEBUG] cheese - null
[2021-10-07T16:40:08.951] [DEBUG] cheese - null
[2021-10-07T17:01:49.650] [DEBUG] cheese - login => username:admin,password:123456
[2021-10-07T17:01:49.650] [DEBUG] cheese - admin
[2021-10-07T17:01:49.653] [DEBUG] cheese - null
[2021-10-07T17:01:49.653] [DEBUG] cheese - null
[2021-10-08T11:10:23.022] [DEBUG] cheese - login => username:admin,password:123456
[2021-10-08T11:10:23.024] [DEBUG] cheese - admin
[2021-10-08T11:10:23.064] [DEBUG] cheese - null
[2021-10-08T11:10:23.065] [DEBUG] cheese - null
[2021-10-08T11:10:53.718] [DEBUG] cheese - login => username:admin,password:123456
[2021-10-08T11:10:53.719] [DEBUG] cheese - admin
[2021-10-08T11:10:53.721] [DEBUG] cheese - null
[2021-10-08T11:10:53.721] [DEBUG] cheese - null
[2021-10-08T11:11:10.017] [DEBUG] cheese - login => username:admin,password:123456
[2021-10-08T11:11:10.017] [DEBUG] cheese - admin
[2021-10-08T11:11:10.018] [DEBUG] cheese - null
[2021-10-08T11:11:10.018] [DEBUG] cheese - null
[2021-10-08T11:11:51.625] [DEBUG] cheese - login => username:admin,password:123456
[2021-10-08T11:11:51.626] [DEBUG] cheese - admin
[2021-10-08T11:11:51.627] [DEBUG] cheese - null
[2021-10-08T11:11:51.627] [DEBUG] cheese - null
[2021-10-08T13:50:27.710] [DEBUG] cheese - login => username:admin,password:123456
[2021-10-08T13:50:27.710] [DEBUG] cheese - admin
[2021-10-08T13:50:27.713] [DEBUG] cheese - null
[2021-10-08T13:50:27.713] [DEBUG] cheese - null
[2021-10-08T14:23:55.906] [DEBUG] cheese - login => username:admin,password:123456
[2021-10-08T14:23:55.906] [DEBUG] cheese - admin
[2021-10-08T14:23:55.909] [DEBUG] cheese - null
[2021-10-08T14:23:55.909] [DEBUG] cheese - null
[2021-10-08T14:44:56.968] [DEBUG] cheese - login => username:admin,password:123456
[2021-10-08T14:44:56.968] [DEBUG] cheese - admin
[2021-10-08T14:44:56.969] [DEBUG] cheese - null
[2021-10-08T14:44:56.970] [DEBUG] cheese - null
[2021-10-08T15:08:54.041] [DEBUG] cheese - login => username:admin,password:123456
[2021-10-08T15:11:13.706] [DEBUG] cheese - login => username:admin,password:123456
[2021-10-08T15:11:13.707] [DEBUG] cheese - admin
[2021-10-08T15:11:13.714] [DEBUG] cheese - null
[2021-10-08T15:11:13.714] [DEBUG] cheese - null
[2021-10-08T15:25:42.616] [DEBUG] cheese - login => username:admin,password:123456
[2021-10-08T15:25:42.616] [DEBUG] cheese - admin
[2021-10-08T15:25:42.620] [DEBUG] cheese - null
[2021-10-08T15:25:42.620] [DEBUG] cheese - null
[2021-10-09T08:13:31.614] [DEBUG] cheese - login => username:admin,password:123456
[2021-10-09T08:13:31.615] [DEBUG] cheese - admin
[2021-10-09T08:13:31.631] [DEBUG] cheese - null
[2021-10-09T08:13:31.632] [DEBUG] cheese - null
[2021-10-10T13:24:18.367] [DEBUG] cheese - login => username:admin,password:123456
[2021-10-10T13:24:18.368] [DEBUG] cheese - admin
[2021-10-10T13:24:18.394] [DEBUG] cheese - null
[2021-10-10T13:24:18.395] [DEBUG] cheese - null
[2021-10-10T19:41:32.394] [DEBUG] cheese - login => username:admin,password:123456
[2021-10-10T19:41:32.396] [DEBUG] cheese - admin
[2021-10-10T19:41:32.403] [DEBUG] cheese - null
[2021-10-10T19:41:32.403] [DEBUG] cheese - null
[2021-10-11T08:13:30.361] [DEBUG] cheese - login => username:admin,password:123456
[2021-10-11T08:13:30.362] [DEBUG] cheese - admin
[2021-10-11T08:13:30.368] [DEBUG] cheese - null
[2021-10-11T08:13:30.368] [DEBUG] cheese - null
[2021-10-11T10:34:10.184] [DEBUG] cheese - login => username:admin,password:123456
[2021-10-11T14:32:15.592] [DEBUG] cheese - login => username:admin,password:123456
[2021-10-11T14:32:15.594] [DEBUG] cheese - admin
[2021-10-11T14:32:15.614] [DEBUG] cheese - null
[2021-10-11T14:32:15.614] [DEBUG] cheese - null
[2021-10-11T16:21:10.270] [DEBUG] cheese - login => username:admin,password:123456
[2021-10-11T16:21:10.270] [DEBUG] cheese - admin
[2021-10-11T16:21:10.273] [DEBUG] cheese - null
[2021-10-11T16:21:10.273] [DEBUG] cheese - null
[2021-10-11T19:32:50.693] [DEBUG] cheese - login => username:admin,password:123456
[2021-10-11T19:32:50.693] [DEBUG] cheese - admin
[2021-10-11T19:32:50.696] [DEBUG] cheese - null
[2021-10-11T19:32:50.696] [DEBUG] cheese - null
[2021-10-12T08:08:24.699] [DEBUG] cheese - login => username:admin,password:123456
[2021-10-12T08:08:24.700] [DEBUG] cheese - admin
[2021-10-12T08:08:24.710] [DEBUG] cheese - null
[2021-10-12T08:08:24.711] [DEBUG] cheese - null
[2021-10-12T19:35:18.982] [DEBUG] cheese - login => username:admin,password:123456adfadsf
[2021-10-12T19:35:18.982] [DEBUG] cheese - admin
[2021-10-12T19:35:18.985] [DEBUG] cheese - null
[2021-10-12T19:35:18.985] [DEBUG] cheese - null
[2021-10-12T19:35:21.624] [DEBUG] cheese - login => username:admin,password:123456adfadsf
[2021-10-12T19:35:21.624] [DEBUG] cheese - admin
[2021-10-12T19:35:21.626] [DEBUG] cheese - null
[2021-10-12T19:35:21.626] [DEBUG] cheese - null
[2021-10-12T19:35:22.776] [DEBUG] cheese - login => username:admin,password:123456
[2021-10-12T19:35:22.776] [DEBUG] cheese - admin
[2021-10-12T19:35:22.778] [DEBUG] cheese - null
[2021-10-12T19:35:22.778] [DEBUG] cheese - null
[2021-10-13T08:34:31.912] [DEBUG] cheese - null
[2021-10-13T08:35:14.006] [DEBUG] cheese - null
[2021-10-13T08:35:36.876] [DEBUG] cheese - null
[2021-10-13T08:42:40.139] [DEBUG] cheese - null
[2021-10-13T08:43:13.745] [DEBUG] cheese - null
[2021-10-13T08:43:31.334] [DEBUG] cheese - null
[2021-10-13T08:44:44.409] [DEBUG] cheese - null
[2021-10-13T08:46:58.352] [DEBUG] cheese - null
[2021-10-13T08:47:28.603] [DEBUG] cheese - null
[2021-10-13T08:47:32.036] [DEBUG] cheese - null
[2021-10-13T08:47:34.055] [DEBUG] cheese - null
[2021-10-13T08:47:35.868] [DEBUG] cheese - null
[2021-10-13T15:17:19.051] [DEBUG] cheese - login => username:admin,password:123456
[2021-10-13T15:17:19.052] [DEBUG] cheese - admin
[2021-10-13T15:17:19.053] [DEBUG] cheese - null
[2021-10-13T15:17:19.053] [DEBUG] cheese - null
[2021-10-13T15:31:18.014] [DEBUG] cheese - login => username:admin,password:123456
[2021-10-13T15:31:18.014] [DEBUG] cheese - admin
[2021-10-13T15:31:18.015] [DEBUG] cheese - null
[2021-10-13T15:31:18.015] [DEBUG] cheese - null
[2021-10-13T19:39:21.310] [DEBUG] cheese - null
[2021-10-14T08:04:58.248] [DEBUG] cheese - null
[2021-10-14T08:57:01.477] [DEBUG] cheese - login => username:admin,password:123456
[2021-10-14T08:57:01.477] [DEBUG] cheese - admin
[2021-10-14T08:57:01.479] [DEBUG] cheese - null
[2021-10-14T08:57:01.479] [DEBUG] cheese - null
[2021-10-14T15:58:26.190] [DEBUG] cheese - login => username:admin,password:123456
[2021-10-14T15:58:26.191] [DEBUG] cheese - admin
[2021-10-14T15:58:26.193] [DEBUG] cheese - null
[2021-10-14T15:58:26.193] [DEBUG] cheese - null
[2021-10-14T16:03:57.242] [DEBUG] cheese - login => username:admin,password:123456
[2021-10-14T16:03:57.242] [DEBUG] cheese - admin
[2021-10-14T16:03:57.244] [DEBUG] cheese - null
[2021-10-14T16:03:57.244] [DEBUG] cheese - null
[2021-10-14T16:37:14.740] [DEBUG] cheese - login => username:admin,password:123456
[2021-10-14T16:37:14.742] [DEBUG] cheese - admin
[2021-10-14T16:37:14.750] [DEBUG] cheese - null
[2021-10-14T16:37:14.751] [DEBUG] cheese - null
[2021-10-14T18:51:27.068] [DEBUG] cheese - login => username:admin,password:123456
[2021-10-14T18:51:27.069] [DEBUG] cheese - admin
[2021-10-14T18:51:27.070] [DEBUG] cheese - null
[2021-10-14T18:51:27.070] [DEBUG] cheese - null
[2021-10-14T21:09:08.207] [DEBUG] cheese - login => username:admin,password:123456
[2021-10-14T21:09:08.208] [DEBUG] cheese - admin
[2021-10-14T21:09:08.211] [DEBUG] cheese - null
[2021-10-14T21:09:08.211] [DEBUG] cheese - null
[2021-10-14T21:10:42.854] [DEBUG] cheese - login => username:admin,password:123456
[2021-10-14T21:10:42.855] [DEBUG] cheese - admin
[2021-10-14T21:10:42.858] [DEBUG] cheese - null
[2021-10-14T21:10:42.859] [DEBUG] cheese - null
[2021-10-14T21:50:41.266] [DEBUG] cheese - login => username:admin,password:123456
[2021-10-14T21:50:41.267] [DEBUG] cheese - admin
[2021-10-14T21:50:41.271] [DEBUG] cheese - null
[2021-10-14T21:50:41.272] [DEBUG] cheese - null
[2021-10-15T07:51:21.859] [DEBUG] cheese - login => username:admin,password:123456
[2021-10-15T07:51:21.860] [DEBUG] cheese - admin
[2021-10-15T07:51:21.870] [DEBUG] cheese - null
[2021-10-15T07:51:21.870] [DEBUG] cheese - null
[2021-10-15T16:07:58.591] [DEBUG] cheese - login => username:admin,password:123456
[2021-10-15T16:07:58.593] [DEBUG] cheese - admin
[2021-10-15T16:07:58.600] [DEBUG] cheese - null
[2021-10-15T16:07:58.600] [DEBUG] cheese - null
[2021-10-16T14:45:43.300] [DEBUG] cheese - login => username:admin,password:123456
[2021-10-16T14:45:43.301] [DEBUG] cheese - admin
[2021-10-16T14:45:43.319] [DEBUG] cheese - null
[2021-10-16T14:45:43.320] [DEBUG] cheese - null
[2021-10-16T15:11:54.899] [DEBUG] cheese - login => username:admin,password:123456
[2021-10-16T15:11:54.900] [DEBUG] cheese - admin
[2021-10-16T15:11:54.904] [DEBUG] cheese - null
[2021-10-16T15:11:54.904] [DEBUG] cheese - null
[2021-10-17T16:14:09.519] [DEBUG] cheese - login => username:admin,password:123456
[2021-10-17T16:14:09.521] [DEBUG] cheese - admin
[2021-10-17T16:14:09.523] [DEBUG] cheese - null
[2021-10-17T16:14:09.523] [DEBUG] cheese - null
[2021-10-17T16:14:57.868] [DEBUG] cheese - login => username:admin,password:123456
[2021-10-17T16:14:57.868] [DEBUG] cheese - admin
[2021-10-17T16:14:57.870] [DEBUG] cheese - null
[2021-10-17T16:14:57.871] [DEBUG] cheese - null
[2021-10-17T16:29:24.896] [DEBUG] cheese - login => username:admin,password:123456
[2021-10-17T16:29:24.896] [DEBUG] cheese - admin
[2021-10-17T16:29:24.900] [DEBUG] cheese - null
[2021-10-17T16:29:24.900] [DEBUG] cheese - null
[2021-10-17T18:36:16.379] [DEBUG] cheese - login => username:admin,password:123456
[2021-10-17T18:36:16.380] [DEBUG] cheese - admin
[2021-10-17T18:36:16.391] [DEBUG] cheese - null
[2021-10-17T18:36:16.391] [DEBUG] cheese - null
[2021-10-17T22:05:47.736] [DEBUG] cheese - login => username:admin,password:123456
[2021-10-17T22:05:47.737] [DEBUG] cheese - admin
[2021-10-17T22:05:47.740] [DEBUG] cheese - null
[2021-10-17T22:05:47.741] [DEBUG] cheese - null
[2021-10-18T08:02:25.317] [DEBUG] cheese - login => username:admin,password:123456
[2021-10-18T08:02:25.317] [DEBUG] cheese - admin
[2021-10-18T08:02:25.328] [DEBUG] cheese - null
[2021-10-18T08:02:25.328] [DEBUG] cheese - null
[2021-10-19T08:38:02.829] [DEBUG] cheese - login => username:admin,password:123456
[2021-10-19T08:38:02.830] [DEBUG] cheese - admin
[2021-10-19T08:38:02.851] [DEBUG] cheese - null
[2021-10-19T08:38:02.851] [DEBUG] cheese - null
[2021-10-19T10:19:09.580] [DEBUG] cheese - login => username:admin,password:123456
[2021-10-19T10:19:09.582] [DEBUG] cheese - admin
[2021-10-19T10:19:09.586] [DEBUG] cheese - null
[2021-10-19T10:19:09.587] [DEBUG] cheese - null
[2021-10-19T16:35:54.328] [DEBUG] cheese - login => username:admin,password:123456
[2021-10-19T16:35:54.329] [DEBUG] cheese - admin
[2021-10-19T16:35:54.377] [DEBUG] cheese - null
[2021-10-19T16:35:54.377] [DEBUG] cheese - null
[2021-10-19T20:21:24.082] [DEBUG] cheese - null
[2021-10-19T20:22:37.061] [DEBUG] cheese - login => username:admin,password:123456
[2021-10-19T20:22:37.063] [DEBUG] cheese - admin
[2021-10-19T20:22:37.080] [DEBUG] cheese - null
[2021-10-19T20:22:37.081] [DEBUG] cheese - null
[2021-10-20T07:39:16.308] [DEBUG] cheese - login => username:admin,password:123456
[2021-10-20T07:39:16.309] [DEBUG] cheese - admin
[2021-10-20T07:39:16.319] [DEBUG] cheese - null
[2021-10-20T07:39:16.319] [DEBUG] cheese - null
[2021-10-20T07:52:31.617] [DEBUG] cheese - login => username:admin,password:123456
[2021-10-20T07:52:31.618] [DEBUG] cheese - admin
[2021-10-20T07:52:31.621] [DEBUG] cheese - null
[2021-10-20T07:52:31.622] [DEBUG] cheese - null
[2021-10-20T08:15:23.910] [DEBUG] cheese - null
[2021-10-20T08:15:34.433] [DEBUG] cheese - null
[2021-10-20T08:16:50.379] [DEBUG] cheese - null
[2021-10-20T08:17:17.634] [DEBUG] cheese - null
[2021-10-20T08:18:01.929] [DEBUG] cheese - null
[2021-10-20T08:54:00.706] [DEBUG] cheese - null
[2021-10-20T09:27:24.032] [DEBUG] cheese - null
[2021-10-20T13:54:24.572] [DEBUG] cheese - null
[2021-10-20T14:10:55.532] [DEBUG] cheese - null
[2021-10-20T14:12:10.560] [DEBUG] cheese - null
[2021-10-20T14:14:02.501] [DEBUG] cheese - null
[2021-10-20T14:15:12.755] [DEBUG] cheese - null
[2021-10-20T14:18:46.724] [DEBUG] cheese - null
[2021-10-20T16:26:37.668] [DEBUG] cheese - login => username:admin,password:123456
[2021-10-20T16:26:37.669] [DEBUG] cheese - admin
[2021-10-20T16:26:37.671] [DEBUG] cheese - null
[2021-10-20T16:26:37.671] [DEBUG] cheese - null
[2021-10-20T17:05:04.259] [DEBUG] cheese - null
[2021-10-20T17:05:44.949] [DEBUG] cheese - null
[2021-10-20T17:06:18.417] [DEBUG] cheese - null
[2021-10-20T17:06:26.695] [DEBUG] cheese - null
[2021-10-20T17:08:42.750] [DEBUG] cheese - null
[2021-10-20T17:09:19.048] [DEBUG] cheese - null
[2021-10-20T17:10:02.804] [DEBUG] cheese - null
[2021-10-20T17:10:23.969] [DEBUG] cheese - null
[2021-10-20T17:10:43.932] [DEBUG] cheese - null
[2021-10-20T17:11:12.429] [DEBUG] cheese - null
[2021-10-20T17:11:45.405] [DEBUG] cheese - null
[2021-10-20T17:12:07.336] [DEBUG] cheese - null
[2021-10-20T17:12:34.748] [DEBUG] cheese - null
[2021-10-20T17:12:53.243] [DEBUG] cheese - null
[2021-10-21T07:40:49.931] [DEBUG] cheese - login => username:admin,password:123456
[2021-10-21T07:40:49.932] [DEBUG] cheese - admin
[2021-10-21T07:40:49.939] [DEBUG] cheese - null
[2021-10-21T07:40:49.940] [DEBUG] cheese - null
[2021-10-21T08:15:22.278] [DEBUG] cheese - login => username:admin,password:123456
[2021-10-21T08:15:22.278] [DEBUG] cheese - admin
[2021-10-21T08:15:22.280] [DEBUG] cheese - null
[2021-10-21T08:15:22.280] [DEBUG] cheese - null
[2021-10-21T16:20:50.595] [DEBUG] cheese - login => username:admin,password:123456
[2021-10-21T16:20:50.596] [DEBUG] cheese - admin
[2021-10-21T16:20:50.617] [DEBUG] cheese - null
[2021-10-21T16:20:50.617] [DEBUG] cheese - null
[2021-10-21T16:39:06.576] [DEBUG] cheese - login => username:admin,password:123456
[2021-10-21T16:39:06.576] [DEBUG] cheese - admin
[2021-10-21T16:39:06.577] [DEBUG] cheese - null
[2021-10-21T16:39:06.578] [DEBUG] cheese - null
[2021-10-21T20:00:35.754] [DEBUG] cheese - login => username:admin,password:123456
[2021-10-21T20:00:35.755] [DEBUG] cheese - admin
[2021-10-21T20:00:35.757] [DEBUG] cheese - null
[2021-10-21T20:00:35.758] [DEBUG] cheese - null
[2021-10-22T07:54:34.323] [DEBUG] cheese - login => username:admin,password:123456
[2021-10-22T07:54:34.324] [DEBUG] cheese - admin
[2021-10-22T07:54:34.336] [DEBUG] cheese - null
[2021-10-22T07:54:34.336] [DEBUG] cheese - null
[2021-10-22T08:29:00.551] [DEBUG] cheese - login => username:admin,password:123456
[2021-10-22T08:29:00.552] [DEBUG] cheese - admin
[2021-10-22T08:29:00.556] [DEBUG] cheese - null
[2021-10-22T08:29:00.556] [DEBUG] cheese - null
[2021-10-22T09:27:46.983] [DEBUG] cheese - login => username:admin,password:123456
[2021-10-22T09:27:46.984] [DEBUG] cheese - admin
[2021-10-22T09:27:46.989] [DEBUG] cheese - null
[2021-10-22T09:27:46.989] [DEBUG] cheese - null
[2021-10-22T09:30:11.253] [DEBUG] cheese - login => username:admin,password:123456
[2021-10-22T09:30:11.254] [DEBUG] cheese - admin
[2021-10-22T09:30:11.257] [DEBUG] cheese - null
[2021-10-22T09:30:11.257] [DEBUG] cheese - null
[2021-10-22T09:43:10.876] [DEBUG] cheese - login => username:admin,password:123456
[2021-10-22T09:43:10.878] [DEBUG] cheese - admin
[2021-10-22T09:43:10.882] [DEBUG] cheese - null
[2021-10-22T09:43:10.883] [DEBUG] cheese - null
[2021-10-22T10:06:33.685] [DEBUG] cheese - login => username:admin,password:123456
[2021-10-22T10:06:33.686] [DEBUG] cheese - admin
[2021-10-22T10:06:33.689] [DEBUG] cheese - null
[2021-10-22T10:06:33.690] [DEBUG] cheese - null
[2021-10-22T10:12:11.188] [DEBUG] cheese - login => username:admin,password:123456
[2021-10-22T10:12:11.188] [DEBUG] cheese - admin
[2021-10-22T10:12:11.190] [DEBUG] cheese - null
[2021-10-22T10:12:11.190] [DEBUG] cheese - null
[2021-10-22T10:22:22.093] [DEBUG] cheese - login => username:admin,password:123456
[2021-10-22T10:22:22.094] [DEBUG] cheese - admin
[2021-10-22T10:22:22.102] [DEBUG] cheese - null
[2021-10-22T10:22:22.103] [DEBUG] cheese - null
[2021-10-22T10:25:37.693] [DEBUG] cheese - login => username:admin,password:123456
[2021-10-22T10:25:37.694] [DEBUG] cheese - admin
[2021-10-22T10:25:37.695] [DEBUG] cheese - null
[2021-10-22T10:25:37.695] [DEBUG] cheese - null
[2021-10-22T10:37:20.767] [DEBUG] cheese - login => username:admin,password:123456
[2021-10-22T10:37:20.767] [DEBUG] cheese - admin
[2021-10-22T10:37:20.770] [DEBUG] cheese - null
[2021-10-22T10:37:20.770] [DEBUG] cheese - null
[2021-10-22T10:39:18.873] [DEBUG] cheese - login => username:admin,password:123456
[2021-10-22T10:39:18.873] [DEBUG] cheese - admin
[2021-10-22T10:39:18.875] [DEBUG] cheese - null
[2021-10-22T10:39:18.875] [DEBUG] cheese - null
[2021-10-22T14:05:32.309] [DEBUG] cheese - null
[2021-10-22T15:35:02.052] [DEBUG] cheese - null
